<?xml version="1.0" encoding="UTF-8"?>
<testng-results skipped="0" failed="0" ignored="0" total="1" passed="1">
  <reporter-output>
  </reporter-output>
  <suite name="Default suite" duration-ms="3052" started-at="2020-11-04T13:14:25Z" finished-at="2020-11-04T13:14:28Z">
    <groups>
    </groups>
    <test name="Default test" duration-ms="3052" started-at="2020-11-04T13:14:25Z" finished-at="2020-11-04T13:14:28Z">
      <class name="practice.GetAllPRoject_BDD">
        <test-method status="PASS" signature="getAllProject()[pri:0, instance:practice.GetAllPRoject_BDD@5622fdf]" name="getAllProject" duration-ms="3019" started-at="2020-11-04T13:14:25Z" finished-at="2020-11-04T13:14:28Z">
          <reporter-output>
          </reporter-output>
        </test-method> <!-- getAllProject -->
      </class> <!-- practice.GetAllPRoject_BDD -->
    </test> <!-- Default test -->
  </suite> <!-- Default suite -->
</testng-results>
